{"uid":"8c48329014ca484b","name":"adminCanLoginWithCorrectDataTest()","fullName":"Iteration_1.ui.LoginUserTest.adminCanLoginWithCorrectDataTest","historyId":"1d69c24d19f6156e3befa566f5dee349","time":{"start":1771075579972,"stop":1771075580116,"duration":144},"description":"","status":"broken","statusMessage":"Could not start a new session. Response code 500. Message: create container: Error response from daemon: client version 1.24 is too old. Minimum supported API version is 1.44, please upgrade your client to a newer version \nHost info: host: 'runnervmjduv7', ip: '10.1.0.198'\nBuild info: version: '4.38.0', revision: '6b412e825c*'\nSystem info: os.name: 'Linux', os.arch: 'amd64', os.version: '6.14.0-1017-azure', java.version: '21.0.10'\nselenide.remote: http://localhost:4444/wd/hub\nDriver info: org.openqa.selenium.remote.RemoteWebDriver\nCommand: [null, newSession {capabilities=[Capabilities {acceptInsecureCerts: true, browserName: chrome, goog:chromeOptions: {args: [--headless=new, --proxy-bypass-list=<-loopb..., --disable-dev-shm-usage, --disable-search-engine-cho..., --unsafely-disable-devtools..., --disable-smooth-scrolling, --disable-background-networ..., --enable-features=NetworkSe..., --disable-background-timer-..., --disable-backgrounding-occ..., --disable-breakpad, --disable-client-side-phish..., --disable-component-extensi..., --disable-default-apps, --disable-features=TranslateUI, --disable-hang-monitor, --disable-ipc-flooding-prot..., --disable-popup-blocking, --disable-prompt-on-repost, --disable-renderer-backgrou..., --disable-sync, --force-color-profile=srgb, --metrics-recording-only, --no-first-run, --password-store=basic, --use-mock-keychain, --hide-scrollbars, --mute-audio, --window-size=1920,1080], excludeSwitches: [enable-automation, load-extension], extensions: [], prefs: {autofill.credit_card_enabled: false, autofill.profile_enabled: false, credentials_enable_service: false, plugins.always_open_pdf_externally: true, profile.default_content_setting_values.automatic_downloads: 1, profile.password_manager_enabled: false, profile.password_manager_leak_detection: false, safebrowsing.enabled: true}}, pageLoadStrategy: normal, selenoid:options: {enableVNC: true, enablelog: true}, unhandledPromptBehavior: accept}]}]\nselenide.url: http://frontend/login\nCapabilities {acceptInsecureCerts: true, browserName: chrome, goog:chromeOptions: {args: [--headless=new, --proxy-bypass-list=<-loopb..., --disable-dev-shm-usage, --disable-search-engine-cho..., --unsafely-disable-devtools..., --disable-smooth-scrolling, --disable-background-networ..., --enable-features=NetworkSe..., --disable-background-timer-..., --disable-backgrounding-occ..., --disable-breakpad, --disable-client-side-phish..., --disable-component-extensi..., --disable-default-apps, --disable-features=TranslateUI, --disable-hang-monitor, --disable-ipc-flooding-prot..., --disable-popup-blocking, --disable-prompt-on-repost, --disable-renderer-backgrou..., --disable-sync, --force-color-profile=srgb, --metrics-recording-only, --no-first-run, --password-store=basic, --use-mock-keychain, --hide-scrollbars, --mute-audio, --window-size=1920,1080], excludeSwitches: [enable-automation, load-extension], extensions: [], prefs: {autofill.credit_card_enabled: false, autofill.profile_enabled: false, credentials_enable_service: false, plugins.always_open_pdf_externally: true, profile.default_content_setting_values.automatic_downloads: 1, profile.password_manager_enabled: false, profile.password_manager_leak_detection: false, safebrowsing.enabled: true}}, pageLoadStrategy: normal, selenoid:options: {enableVNC: true, enablelog: true}, unhandledPromptBehavior: accept}\nselenide.baseUrl: http://frontend","statusTrace":"org.openqa.selenium.SessionNotCreatedException: Could not start a new session. Response code 500. Message: create container: Error response from daemon: client version 1.24 is too old. Minimum supported API version is 1.44, please upgrade your client to a newer version \nHost info: host: 'runnervmjduv7', ip: '10.1.0.198'\nBuild info: version: '4.38.0', revision: '6b412e825c*'\nSystem info: os.name: 'Linux', os.arch: 'amd64', os.version: '6.14.0-1017-azure', java.version: '21.0.10'\nselenide.remote: http://localhost:4444/wd/hub\nDriver info: org.openqa.selenium.remote.RemoteWebDriver\nCommand: [null, newSession {capabilities=[Capabilities {acceptInsecureCerts: true, browserName: chrome, goog:chromeOptions: {args: [--headless=new, --proxy-bypass-list=<-loopb..., --disable-dev-shm-usage, --disable-search-engine-cho..., --unsafely-disable-devtools..., --disable-smooth-scrolling, --disable-background-networ..., --enable-features=NetworkSe..., --disable-background-timer-..., --disable-backgrounding-occ..., --disable-breakpad, --disable-client-side-phish..., --disable-component-extensi..., --disable-default-apps, --disable-features=TranslateUI, --disable-hang-monitor, --disable-ipc-flooding-prot..., --disable-popup-blocking, --disable-prompt-on-repost, --disable-renderer-backgrou..., --disable-sync, --force-color-profile=srgb, --metrics-recording-only, --no-first-run, --password-store=basic, --use-mock-keychain, --hide-scrollbars, --mute-audio, --window-size=1920,1080], excludeSwitches: [enable-automation, load-extension], extensions: [], prefs: {autofill.credit_card_enabled: false, autofill.profile_enabled: false, credentials_enable_service: false, plugins.always_open_pdf_externally: true, profile.default_content_setting_values.automatic_downloads: 1, profile.password_manager_enabled: false, profile.password_manager_leak_detection: false, safebrowsing.enabled: true}}, pageLoadStrategy: normal, selenoid:options: {enableVNC: true, enablelog: true}, unhandledPromptBehavior: accept}]}]\nselenide.url: http://frontend/login\nCapabilities {acceptInsecureCerts: true, browserName: chrome, goog:chromeOptions: {args: [--headless=new, --proxy-bypass-list=<-loopb..., --disable-dev-shm-usage, --disable-search-engine-cho..., --unsafely-disable-devtools..., --disable-smooth-scrolling, --disable-background-networ..., --enable-features=NetworkSe..., --disable-background-timer-..., --disable-backgrounding-occ..., --disable-breakpad, --disable-client-side-phish..., --disable-component-extensi..., --disable-default-apps, --disable-features=TranslateUI, --disable-hang-monitor, --disable-ipc-flooding-prot..., --disable-popup-blocking, --disable-prompt-on-repost, --disable-renderer-backgrou..., --disable-sync, --force-color-profile=srgb, --metrics-recording-only, --no-first-run, --password-store=basic, --use-mock-keychain, --hide-scrollbars, --mute-audio, --window-size=1920,1080], excludeSwitches: [enable-automation, load-extension], extensions: [], prefs: {autofill.credit_card_enabled: false, autofill.profile_enabled: false, credentials_enable_service: false, plugins.always_open_pdf_externally: true, profile.default_content_setting_values.automatic_downloads: 1, profile.password_manager_enabled: false, profile.password_manager_leak_detection: false, safebrowsing.enabled: true}}, pageLoadStrategy: normal, selenoid:options: {enableVNC: true, enablelog: true}, unhandledPromptBehavior: accept}\nselenide.baseUrl: http://frontend\n\tat org.openqa.selenium.remote.ProtocolHandshake.createSession(ProtocolHandshake.java:114)\n\tat org.openqa.selenium.remote.ProtocolHandshake.createSession(ProtocolHandshake.java:75)\n\tat org.openqa.selenium.remote.ProtocolHandshake.createSession(ProtocolHandshake.java:61)\n\tat org.openqa.selenium.remote.HttpCommandExecutor.execute(HttpCommandExecutor.java:187)\n\tat org.openqa.selenium.remote.RemoteWebDriver.execute(RemoteWebDriver.java:557)\n\tat org.openqa.selenium.remote.RemoteWebDriver.startSession(RemoteWebDriver.java:246)\n\tat org.openqa.selenium.remote.RemoteWebDriver.<init>(RemoteWebDriver.java:174)\n\tat com.codeborne.selenide.webdriver.RemoteDriverFactory.create(RemoteDriverFactory.java:24)\n\tat com.codeborne.selenide.webdriver.WebDriverFactory.createWebDriverInstance(WebDriverFactory.java:101)\n\tat com.codeborne.selenide.webdriver.WebDriverFactory.createWebDriver(WebDriverFactory.java:58)\n\tat com.codeborne.selenide.drivercommands.CreateDriverCommand.lambda$createDriver$0(CreateDriverCommand.java:66)\n\tat com.codeborne.selenide.logevents.SelenideLogger.wrap(SelenideLogger.java:128)\n\tat com.codeborne.selenide.logevents.SelenideLogger.get(SelenideLogger.java:106)\n\tat com.codeborne.selenide.drivercommands.CreateDriverCommand.createDriver(CreateDriverCommand.java:43)\n\tat com.codeborne.selenide.WebDriverThreadLocalContainer.createDriver(WebDriverThreadLocalContainer.java:187)\n\tat com.codeborne.selenide.WebDriverThreadLocalContainer.createDriver(WebDriverThreadLocalContainer.java:183)\n\tat com.codeborne.selenide.WebDriverThreadLocalContainer.createAndRegisterDriver(WebDriverThreadLocalContainer.java:170)\n\tat com.codeborne.selenide.WebDriverThreadLocalContainer.getAndCheckWebDriver(WebDriverThreadLocalContainer.java:131)\n\tat com.codeborne.selenide.WebDriverRunner.getAndCheckWebDriver(WebDriverRunner.java:102)\n\tat com.codeborne.selenide.StaticDriver.getAndCheckWebDriver(StaticDriver.java:44)\n\tat com.codeborne.selenide.SelenideDriver.getAndCheckWebDriver(SelenideDriver.java:255)\n\tat com.codeborne.selenide.drivercommands.Navigator.lambda$navigateTo$0(Navigator.java:67)\n\tat com.codeborne.selenide.logevents.SelenideLogger.lambda$run$0(SelenideLogger.java:99)\n\tat com.codeborne.selenide.logevents.SelenideLogger.wrap(SelenideLogger.java:128)\n\tat com.codeborne.selenide.logevents.SelenideLogger.run(SelenideLogger.java:98)\n\tat com.codeborne.selenide.drivercommands.Navigator.navigateTo(Navigator.java:65)\n\tat com.codeborne.selenide.drivercommands.Navigator.open(Navigator.java:29)\n\tat com.codeborne.selenide.SelenideDriver.open(SelenideDriver.java:112)\n\tat com.codeborne.selenide.SelenideDriver.open(SelenideDriver.java:133)\n\tat com.codeborne.selenide.Selenide.open(Selenide.java:188)\n\tat ui.pages.BasePage.open(BasePage.java:27)\n\tat Iteration_1.ui.LoginUserTest.adminCanLoginWithCorrectDataTest(LoginUserTest.java:23)\n\tat java.base/java.lang.reflect.Method.invoke(Method.java:580)\n\tat java.base/java.util.concurrent.RecursiveAction.exec(RecursiveAction.java:194)\n\tat java.base/java.util.concurrent.ForkJoinTask.doExec(ForkJoinTask.java:387)\n\tat java.base/java.util.concurrent.ForkJoinPool$WorkQueue.tryRemoveAndExec(ForkJoinPool.java:1351)\n\tat java.base/java.util.concurrent.ForkJoinTask.awaitDone(ForkJoinTask.java:422)\n\tat java.base/java.util.concurrent.ForkJoinTask.join(ForkJoinTask.java:651)\n\tat java.base/java.util.concurrent.RecursiveAction.exec(RecursiveAction.java:194)\n\tat java.base/java.util.concurrent.ForkJoinTask.doExec(ForkJoinTask.java:387)\n\tat java.base/java.util.concurrent.ForkJoinPool$WorkQueue.topLevelExec(ForkJoinPool.java:1312)\n\tat java.base/java.util.concurrent.ForkJoinPool.scan(ForkJoinPool.java:1843)\n\tat java.base/java.util.concurrent.ForkJoinPool.runWorker(ForkJoinPool.java:1808)\n\tat java.base/java.util.concurrent.ForkJoinWorkerThread.run(ForkJoinWorkerThread.java:188)\n","flaky":false,"newFailed":false,"newBroken":false,"newPassed":false,"retriesCount":0,"retriesStatusChange":false,"beforeStages":[],"testStage":{"description":"","status":"broken","statusMessage":"Could not start a new session. Response code 500. Message: create container: Error response from daemon: client version 1.24 is too old. Minimum supported API version is 1.44, please upgrade your client to a newer version \nHost info: host: 'runnervmjduv7', ip: '10.1.0.198'\nBuild info: version: '4.38.0', revision: '6b412e825c*'\nSystem info: os.name: 'Linux', os.arch: 'amd64', os.version: '6.14.0-1017-azure', java.version: '21.0.10'\nselenide.remote: http://localhost:4444/wd/hub\nDriver info: org.openqa.selenium.remote.RemoteWebDriver\nCommand: [null, newSession {capabilities=[Capabilities {acceptInsecureCerts: true, browserName: chrome, goog:chromeOptions: {args: [--headless=new, --proxy-bypass-list=<-loopb..., --disable-dev-shm-usage, --disable-search-engine-cho..., --unsafely-disable-devtools..., --disable-smooth-scrolling, --disable-background-networ..., --enable-features=NetworkSe..., --disable-background-timer-..., --disable-backgrounding-occ..., --disable-breakpad, --disable-client-side-phish..., --disable-component-extensi..., --disable-default-apps, --disable-features=TranslateUI, --disable-hang-monitor, --disable-ipc-flooding-prot..., --disable-popup-blocking, --disable-prompt-on-repost, --disable-renderer-backgrou..., --disable-sync, --force-color-profile=srgb, --metrics-recording-only, --no-first-run, --password-store=basic, --use-mock-keychain, --hide-scrollbars, --mute-audio, --window-size=1920,1080], excludeSwitches: [enable-automation, load-extension], extensions: [], prefs: {autofill.credit_card_enabled: false, autofill.profile_enabled: false, credentials_enable_service: false, plugins.always_open_pdf_externally: true, profile.default_content_setting_values.automatic_downloads: 1, profile.password_manager_enabled: false, profile.password_manager_leak_detection: false, safebrowsing.enabled: true}}, pageLoadStrategy: normal, selenoid:options: {enableVNC: true, enablelog: true}, unhandledPromptBehavior: accept}]}]\nselenide.url: http://frontend/login\nCapabilities {acceptInsecureCerts: true, browserName: chrome, goog:chromeOptions: {args: [--headless=new, --proxy-bypass-list=<-loopb..., --disable-dev-shm-usage, --disable-search-engine-cho..., --unsafely-disable-devtools..., --disable-smooth-scrolling, --disable-background-networ..., --enable-features=NetworkSe..., --disable-background-timer-..., --disable-backgrounding-occ..., --disable-breakpad, --disable-client-side-phish..., --disable-component-extensi..., --disable-default-apps, --disable-features=TranslateUI, --disable-hang-monitor, --disable-ipc-flooding-prot..., --disable-popup-blocking, --disable-prompt-on-repost, --disable-renderer-backgrou..., --disable-sync, --force-color-profile=srgb, --metrics-recording-only, --no-first-run, --password-store=basic, --use-mock-keychain, --hide-scrollbars, --mute-audio, --window-size=1920,1080], excludeSwitches: [enable-automation, load-extension], extensions: [], prefs: {autofill.credit_card_enabled: false, autofill.profile_enabled: false, credentials_enable_service: false, plugins.always_open_pdf_externally: true, profile.default_content_setting_values.automatic_downloads: 1, profile.password_manager_enabled: false, profile.password_manager_leak_detection: false, safebrowsing.enabled: true}}, pageLoadStrategy: normal, selenoid:options: {enableVNC: true, enablelog: true}, unhandledPromptBehavior: accept}\nselenide.baseUrl: http://frontend","statusTrace":"org.openqa.selenium.SessionNotCreatedException: Could not start a new session. Response code 500. Message: create container: Error response from daemon: client version 1.24 is too old. Minimum supported API version is 1.44, please upgrade your client to a newer version \nHost info: host: 'runnervmjduv7', ip: '10.1.0.198'\nBuild info: version: '4.38.0', revision: '6b412e825c*'\nSystem info: os.name: 'Linux', os.arch: 'amd64', os.version: '6.14.0-1017-azure', java.version: '21.0.10'\nselenide.remote: http://localhost:4444/wd/hub\nDriver info: org.openqa.selenium.remote.RemoteWebDriver\nCommand: [null, newSession {capabilities=[Capabilities {acceptInsecureCerts: true, browserName: chrome, goog:chromeOptions: {args: [--headless=new, --proxy-bypass-list=<-loopb..., --disable-dev-shm-usage, --disable-search-engine-cho..., --unsafely-disable-devtools..., --disable-smooth-scrolling, --disable-background-networ..., --enable-features=NetworkSe..., --disable-background-timer-..., --disable-backgrounding-occ..., --disable-breakpad, --disable-client-side-phish..., --disable-component-extensi..., --disable-default-apps, --disable-features=TranslateUI, --disable-hang-monitor, --disable-ipc-flooding-prot..., --disable-popup-blocking, --disable-prompt-on-repost, --disable-renderer-backgrou..., --disable-sync, --force-color-profile=srgb, --metrics-recording-only, --no-first-run, --password-store=basic, --use-mock-keychain, --hide-scrollbars, --mute-audio, --window-size=1920,1080], excludeSwitches: [enable-automation, load-extension], extensions: [], prefs: {autofill.credit_card_enabled: false, autofill.profile_enabled: false, credentials_enable_service: false, plugins.always_open_pdf_externally: true, profile.default_content_setting_values.automatic_downloads: 1, profile.password_manager_enabled: false, profile.password_manager_leak_detection: false, safebrowsing.enabled: true}}, pageLoadStrategy: normal, selenoid:options: {enableVNC: true, enablelog: true}, unhandledPromptBehavior: accept}]}]\nselenide.url: http://frontend/login\nCapabilities {acceptInsecureCerts: true, browserName: chrome, goog:chromeOptions: {args: [--headless=new, --proxy-bypass-list=<-loopb..., --disable-dev-shm-usage, --disable-search-engine-cho..., --unsafely-disable-devtools..., --disable-smooth-scrolling, --disable-background-networ..., --enable-features=NetworkSe..., --disable-background-timer-..., --disable-backgrounding-occ..., --disable-breakpad, --disable-client-side-phish..., --disable-component-extensi..., --disable-default-apps, --disable-features=TranslateUI, --disable-hang-monitor, --disable-ipc-flooding-prot..., --disable-popup-blocking, --disable-prompt-on-repost, --disable-renderer-backgrou..., --disable-sync, --force-color-profile=srgb, --metrics-recording-only, --no-first-run, --password-store=basic, --use-mock-keychain, --hide-scrollbars, --mute-audio, --window-size=1920,1080], excludeSwitches: [enable-automation, load-extension], extensions: [], prefs: {autofill.credit_card_enabled: false, autofill.profile_enabled: false, credentials_enable_service: false, plugins.always_open_pdf_externally: true, profile.default_content_setting_values.automatic_downloads: 1, profile.password_manager_enabled: false, profile.password_manager_leak_detection: false, safebrowsing.enabled: true}}, pageLoadStrategy: normal, selenoid:options: {enableVNC: true, enablelog: true}, unhandledPromptBehavior: accept}\nselenide.baseUrl: http://frontend\n\tat org.openqa.selenium.remote.ProtocolHandshake.createSession(ProtocolHandshake.java:114)\n\tat org.openqa.selenium.remote.ProtocolHandshake.createSession(ProtocolHandshake.java:75)\n\tat org.openqa.selenium.remote.ProtocolHandshake.createSession(ProtocolHandshake.java:61)\n\tat org.openqa.selenium.remote.HttpCommandExecutor.execute(HttpCommandExecutor.java:187)\n\tat org.openqa.selenium.remote.RemoteWebDriver.execute(RemoteWebDriver.java:557)\n\tat org.openqa.selenium.remote.RemoteWebDriver.startSession(RemoteWebDriver.java:246)\n\tat org.openqa.selenium.remote.RemoteWebDriver.<init>(RemoteWebDriver.java:174)\n\tat com.codeborne.selenide.webdriver.RemoteDriverFactory.create(RemoteDriverFactory.java:24)\n\tat com.codeborne.selenide.webdriver.WebDriverFactory.createWebDriverInstance(WebDriverFactory.java:101)\n\tat com.codeborne.selenide.webdriver.WebDriverFactory.createWebDriver(WebDriverFactory.java:58)\n\tat com.codeborne.selenide.drivercommands.CreateDriverCommand.lambda$createDriver$0(CreateDriverCommand.java:66)\n\tat com.codeborne.selenide.logevents.SelenideLogger.wrap(SelenideLogger.java:128)\n\tat com.codeborne.selenide.logevents.SelenideLogger.get(SelenideLogger.java:106)\n\tat com.codeborne.selenide.drivercommands.CreateDriverCommand.createDriver(CreateDriverCommand.java:43)\n\tat com.codeborne.selenide.WebDriverThreadLocalContainer.createDriver(WebDriverThreadLocalContainer.java:187)\n\tat com.codeborne.selenide.WebDriverThreadLocalContainer.createDriver(WebDriverThreadLocalContainer.java:183)\n\tat com.codeborne.selenide.WebDriverThreadLocalContainer.createAndRegisterDriver(WebDriverThreadLocalContainer.java:170)\n\tat com.codeborne.selenide.WebDriverThreadLocalContainer.getAndCheckWebDriver(WebDriverThreadLocalContainer.java:131)\n\tat com.codeborne.selenide.WebDriverRunner.getAndCheckWebDriver(WebDriverRunner.java:102)\n\tat com.codeborne.selenide.StaticDriver.getAndCheckWebDriver(StaticDriver.java:44)\n\tat com.codeborne.selenide.SelenideDriver.getAndCheckWebDriver(SelenideDriver.java:255)\n\tat com.codeborne.selenide.drivercommands.Navigator.lambda$navigateTo$0(Navigator.java:67)\n\tat com.codeborne.selenide.logevents.SelenideLogger.lambda$run$0(SelenideLogger.java:99)\n\tat com.codeborne.selenide.logevents.SelenideLogger.wrap(SelenideLogger.java:128)\n\tat com.codeborne.selenide.logevents.SelenideLogger.run(SelenideLogger.java:98)\n\tat com.codeborne.selenide.drivercommands.Navigator.navigateTo(Navigator.java:65)\n\tat com.codeborne.selenide.drivercommands.Navigator.open(Navigator.java:29)\n\tat com.codeborne.selenide.SelenideDriver.open(SelenideDriver.java:112)\n\tat com.codeborne.selenide.SelenideDriver.open(SelenideDriver.java:133)\n\tat com.codeborne.selenide.Selenide.open(Selenide.java:188)\n\tat ui.pages.BasePage.open(BasePage.java:27)\n\tat Iteration_1.ui.LoginUserTest.adminCanLoginWithCorrectDataTest(LoginUserTest.java:23)\n\tat java.base/java.lang.reflect.Method.invoke(Method.java:580)\n\tat java.base/java.util.concurrent.RecursiveAction.exec(RecursiveAction.java:194)\n\tat java.base/java.util.concurrent.ForkJoinTask.doExec(ForkJoinTask.java:387)\n\tat java.base/java.util.concurrent.ForkJoinPool$WorkQueue.tryRemoveAndExec(ForkJoinPool.java:1351)\n\tat java.base/java.util.concurrent.ForkJoinTask.awaitDone(ForkJoinTask.java:422)\n\tat java.base/java.util.concurrent.ForkJoinTask.join(ForkJoinTask.java:651)\n\tat java.base/java.util.concurrent.RecursiveAction.exec(RecursiveAction.java:194)\n\tat java.base/java.util.concurrent.ForkJoinTask.doExec(ForkJoinTask.java:387)\n\tat java.base/java.util.concurrent.ForkJoinPool$WorkQueue.topLevelExec(ForkJoinPool.java:1312)\n\tat java.base/java.util.concurrent.ForkJoinPool.scan(ForkJoinPool.java:1843)\n\tat java.base/java.util.concurrent.ForkJoinPool.runWorker(ForkJoinPool.java:1808)\n\tat java.base/java.util.concurrent.ForkJoinWorkerThread.run(ForkJoinWorkerThread.java:188)\n","steps":[{"name":"$(\"open\") http://frontend/login","time":{"start":1771075580044,"stop":1771075580091,"duration":47},"status":"broken","statusMessage":"Could not start a new session. Response code 500. Message: create container: Error response from daemon: client version 1.24 is too old. Minimum supported API version is 1.44, please upgrade your client to a newer version \nHost info: host: 'runnervmjduv7', ip: '10.1.0.198'\nBuild info: version: '4.38.0', revision: '6b412e825c*'\nSystem info: os.name: 'Linux', os.arch: 'amd64', os.version: '6.14.0-1017-azure', java.version: '21.0.10'\nselenide.remote: http://localhost:4444/wd/hub\nDriver info: org.openqa.selenium.remote.RemoteWebDriver\nCommand: [null, newSession {capabilities=[Capabilities {acceptInsecureCerts: true, browserName: chrome, goog:chromeOptions: {args: [--headless=new, --proxy-bypass-list=<-loopb..., --disable-dev-shm-usage, --disable-search-engine-cho..., --unsafely-disable-devtools..., --disable-smooth-scrolling, --disable-background-networ..., --enable-features=NetworkSe..., --disable-background-timer-..., --disable-backgrounding-occ..., --disable-breakpad, --disable-client-side-phish..., --disable-component-extensi..., --disable-default-apps, --disable-features=TranslateUI, --disable-hang-monitor, --disable-ipc-flooding-prot..., --disable-popup-blocking, --disable-prompt-on-repost, --disable-renderer-backgrou..., --disable-sync, --force-color-profile=srgb, --metrics-recording-only, --no-first-run, --password-store=basic, --use-mock-keychain, --hide-scrollbars, --mute-audio, --window-size=1920,1080], excludeSwitches: [enable-automation, load-extension], extensions: [], prefs: {autofill.credit_card_enabled: false, autofill.profile_enabled: false, credentials_enable_service: false, plugins.always_open_pdf_externally: true, profile.default_content_setting_values.automatic_downloads: 1, profile.password_manager_enabled: false, profile.password_manager_leak_detection: false, safebrowsing.enabled: true}}, pageLoadStrategy: normal, selenoid:options: {enableVNC: true, enablelog: true}, unhandledPromptBehavior: accept}]}]\nselenide.url: http://frontend/login\nCapabilities {acceptInsecureCerts: true, browserName: chrome, goog:chromeOptions: {args: [--headless=new, --proxy-bypass-list=<-loopb..., --disable-dev-shm-usage, --disable-search-engine-cho..., --unsafely-disable-devtools..., --disable-smooth-scrolling, --disable-background-networ..., --enable-features=NetworkSe..., --disable-background-timer-..., --disable-backgrounding-occ..., --disable-breakpad, --disable-client-side-phish..., --disable-component-extensi..., --disable-default-apps, --disable-features=TranslateUI, --disable-hang-monitor, --disable-ipc-flooding-prot..., --disable-popup-blocking, --disable-prompt-on-repost, --disable-renderer-backgrou..., --disable-sync, --force-color-profile=srgb, --metrics-recording-only, --no-first-run, --password-store=basic, --use-mock-keychain, --hide-scrollbars, --mute-audio, --window-size=1920,1080], excludeSwitches: [enable-automation, load-extension], extensions: [], prefs: {autofill.credit_card_enabled: false, autofill.profile_enabled: false, credentials_enable_service: false, plugins.always_open_pdf_externally: true, profile.default_content_setting_values.automatic_downloads: 1, profile.password_manager_enabled: false, profile.password_manager_leak_detection: false, safebrowsing.enabled: true}}, pageLoadStrategy: normal, selenoid:options: {enableVNC: true, enablelog: true}, unhandledPromptBehavior: accept}\nselenide.baseUrl: http://frontend","statusTrace":"org.openqa.selenium.SessionNotCreatedException: Could not start a new session. Response code 500. Message: create container: Error response from daemon: client version 1.24 is too old. Minimum supported API version is 1.44, please upgrade your client to a newer version \nHost info: host: 'runnervmjduv7', ip: '10.1.0.198'\nBuild info: version: '4.38.0', revision: '6b412e825c*'\nSystem info: os.name: 'Linux', os.arch: 'amd64', os.version: '6.14.0-1017-azure', java.version: '21.0.10'\nselenide.remote: http://localhost:4444/wd/hub\nDriver info: org.openqa.selenium.remote.RemoteWebDriver\nCommand: [null, newSession {capabilities=[Capabilities {acceptInsecureCerts: true, browserName: chrome, goog:chromeOptions: {args: [--headless=new, --proxy-bypass-list=<-loopb..., --disable-dev-shm-usage, --disable-search-engine-cho..., --unsafely-disable-devtools..., --disable-smooth-scrolling, --disable-background-networ..., --enable-features=NetworkSe..., --disable-background-timer-..., --disable-backgrounding-occ..., --disable-breakpad, --disable-client-side-phish..., --disable-component-extensi..., --disable-default-apps, --disable-features=TranslateUI, --disable-hang-monitor, --disable-ipc-flooding-prot..., --disable-popup-blocking, --disable-prompt-on-repost, --disable-renderer-backgrou..., --disable-sync, --force-color-profile=srgb, --metrics-recording-only, --no-first-run, --password-store=basic, --use-mock-keychain, --hide-scrollbars, --mute-audio, --window-size=1920,1080], excludeSwitches: [enable-automation, load-extension], extensions: [], prefs: {autofill.credit_card_enabled: false, autofill.profile_enabled: false, credentials_enable_service: false, plugins.always_open_pdf_externally: true, profile.default_content_setting_values.automatic_downloads: 1, profile.password_manager_enabled: false, profile.password_manager_leak_detection: false, safebrowsing.enabled: true}}, pageLoadStrategy: normal, selenoid:options: {enableVNC: true, enablelog: true}, unhandledPromptBehavior: accept}]}]\nselenide.url: http://frontend/login\nCapabilities {acceptInsecureCerts: true, browserName: chrome, goog:chromeOptions: {args: [--headless=new, --proxy-bypass-list=<-loopb..., --disable-dev-shm-usage, --disable-search-engine-cho..., --unsafely-disable-devtools..., --disable-smooth-scrolling, --disable-background-networ..., --enable-features=NetworkSe..., --disable-background-timer-..., --disable-backgrounding-occ..., --disable-breakpad, --disable-client-side-phish..., --disable-component-extensi..., --disable-default-apps, --disable-features=TranslateUI, --disable-hang-monitor, --disable-ipc-flooding-prot..., --disable-popup-blocking, --disable-prompt-on-repost, --disable-renderer-backgrou..., --disable-sync, --force-color-profile=srgb, --metrics-recording-only, --no-first-run, --password-store=basic, --use-mock-keychain, --hide-scrollbars, --mute-audio, --window-size=1920,1080], excludeSwitches: [enable-automation, load-extension], extensions: [], prefs: {autofill.credit_card_enabled: false, autofill.profile_enabled: false, credentials_enable_service: false, plugins.always_open_pdf_externally: true, profile.default_content_setting_values.automatic_downloads: 1, profile.password_manager_enabled: false, profile.password_manager_leak_detection: false, safebrowsing.enabled: true}}, pageLoadStrategy: normal, selenoid:options: {enableVNC: true, enablelog: true}, unhandledPromptBehavior: accept}\nselenide.baseUrl: http://frontend\n\tat org.openqa.selenium.remote.ProtocolHandshake.createSession(ProtocolHandshake.java:114)\n\tat org.openqa.selenium.remote.ProtocolHandshake.createSession(ProtocolHandshake.java:75)\n\tat org.openqa.selenium.remote.ProtocolHandshake.createSession(ProtocolHandshake.java:61)\n\tat org.openqa.selenium.remote.HttpCommandExecutor.execute(HttpCommandExecutor.java:187)\n\tat org.openqa.selenium.remote.RemoteWebDriver.execute(RemoteWebDriver.java:557)\n\tat org.openqa.selenium.remote.RemoteWebDriver.startSession(RemoteWebDriver.java:246)\n\tat org.openqa.selenium.remote.RemoteWebDriver.<init>(RemoteWebDriver.java:174)\n\tat com.codeborne.selenide.webdriver.RemoteDriverFactory.create(RemoteDriverFactory.java:24)\n\tat com.codeborne.selenide.webdriver.WebDriverFactory.createWebDriverInstance(WebDriverFactory.java:101)\n\tat com.codeborne.selenide.webdriver.WebDriverFactory.createWebDriver(WebDriverFactory.java:58)\n\tat com.codeborne.selenide.drivercommands.CreateDriverCommand.lambda$createDriver$0(CreateDriverCommand.java:66)\n\tat com.codeborne.selenide.logevents.SelenideLogger.wrap(SelenideLogger.java:128)\n\tat com.codeborne.selenide.logevents.SelenideLogger.get(SelenideLogger.java:106)\n\tat com.codeborne.selenide.drivercommands.CreateDriverCommand.createDriver(CreateDriverCommand.java:43)\n\tat com.codeborne.selenide.WebDriverThreadLocalContainer.createDriver(WebDriverThreadLocalContainer.java:187)\n\tat com.codeborne.selenide.WebDriverThreadLocalContainer.createDriver(WebDriverThreadLocalContainer.java:183)\n\tat com.codeborne.selenide.WebDriverThreadLocalContainer.createAndRegisterDriver(WebDriverThreadLocalContainer.java:170)\n\tat com.codeborne.selenide.WebDriverThreadLocalContainer.getAndCheckWebDriver(WebDriverThreadLocalContainer.java:131)\n\tat com.codeborne.selenide.WebDriverRunner.getAndCheckWebDriver(WebDriverRunner.java:102)\n\tat com.codeborne.selenide.StaticDriver.getAndCheckWebDriver(StaticDriver.java:44)\n\tat com.codeborne.selenide.SelenideDriver.getAndCheckWebDriver(SelenideDriver.java:255)\n\tat com.codeborne.selenide.drivercommands.Navigator.lambda$navigateTo$0(Navigator.java:67)\n\tat com.codeborne.selenide.logevents.SelenideLogger.lambda$run$0(SelenideLogger.java:99)\n\tat com.codeborne.selenide.logevents.SelenideLogger.wrap(SelenideLogger.java:128)\n\tat com.codeborne.selenide.logevents.SelenideLogger.run(SelenideLogger.java:98)\n\tat com.codeborne.selenide.drivercommands.Navigator.navigateTo(Navigator.java:65)\n\tat com.codeborne.selenide.drivercommands.Navigator.open(Navigator.java:29)\n\tat com.codeborne.selenide.SelenideDriver.open(SelenideDriver.java:112)\n\tat com.codeborne.selenide.SelenideDriver.open(SelenideDriver.java:133)\n\tat com.codeborne.selenide.Selenide.open(Selenide.java:188)\n\tat ui.pages.BasePage.open(BasePage.java:27)\n\tat Iteration_1.ui.LoginUserTest.adminCanLoginWithCorrectDataTest(LoginUserTest.java:23)\n\tat java.base/jdk.internal.reflect.DirectMethodHandleAccessor.invoke(DirectMethodHandleAccessor.java:103)\n\tat java.base/java.lang.reflect.Method.invoke(Method.java:580)\n\tat org.junit.platform.commons.util.ReflectionUtils.invokeMethod(ReflectionUtils.java:728)\n\tat org.junit.jupiter.engine.execution.MethodInvocation.proceed(MethodInvocation.java:60)\n\tat org.junit.jupiter.engine.execution.InvocationInterceptorChain$ValidatingInvocation.proceed(InvocationInterceptorChain.java:131)\n\tat org.junit.jupiter.engine.extension.TimeoutExtension.intercept(TimeoutExtension.java:156)\n\tat org.junit.jupiter.engine.extension.TimeoutExtension.interceptTestableMethod(TimeoutExtension.java:147)\n\tat org.junit.jupiter.engine.extension.TimeoutExtension.interceptTestMethod(TimeoutExtension.java:86)\n\tat org.junit.jupiter.engine.execution.InterceptingExecutableInvoker$ReflectiveInterceptorCall.lambda$ofVoidMethod$0(InterceptingExecutableInvoker.java:103)\n\tat org.junit.jupiter.engine.execution.InterceptingExecutableInvoker.lambda$invoke$0(InterceptingExecutableInvoker.java:93)\n\tat org.junit.jupiter.engine.execution.InvocationInterceptorChain$InterceptedInvocation.proceed(InvocationInterceptorChain.java:106)\n\tat org.junit.jupiter.engine.execution.InvocationInterceptorChain.proceed(InvocationInterceptorChain.java:64)\n\tat org.junit.jupiter.engine.execution.InvocationInterceptorChain.chainAndInvoke(InvocationInterceptorChain.java:45)\n\tat org.junit.jupiter.engine.execution.InvocationInterceptorChain.invoke(InvocationInterceptorChain.java:37)\n\tat org.junit.jupiter.engine.execution.InterceptingExecutableInvoker.invoke(InterceptingExecutableInvoker.java:92)\n\tat org.junit.jupiter.engine.execution.InterceptingExecutableInvoker.invoke(InterceptingExecutableInvoker.java:86)\n\tat org.junit.jupiter.engine.descriptor.TestMethodTestDescriptor.lambda$invokeTestMethod$7(TestMethodTestDescriptor.java:218)\n\tat org.junit.platform.engine.support.hierarchical.ThrowableCollector.execute(ThrowableCollector.java:73)\n\tat org.junit.jupiter.engine.descriptor.TestMethodTestDescriptor.invokeTestMethod(TestMethodTestDescriptor.java:214)\n\tat org.junit.jupiter.engine.descriptor.TestMethodTestDescriptor.execute(TestMethodTestDescriptor.java:139)\n\tat org.junit.jupiter.engine.descriptor.TestMethodTestDescriptor.execute(TestMethodTestDescriptor.java:69)\n\tat org.junit.platform.engine.support.hierarchical.NodeTestTask.lambda$executeRecursively$6(NodeTestTask.java:151)\n\tat org.junit.platform.engine.support.hierarchical.ThrowableCollector.execute(ThrowableCollector.java:73)\n\tat org.junit.platform.engine.support.hierarchical.NodeTestTask.lambda$executeRecursively$8(NodeTestTask.java:141)\n\tat org.junit.platform.engine.support.hierarchical.Node.around(Node.java:137)\n\tat org.junit.platform.engine.support.hierarchical.NodeTestTask.lambda$executeRecursively$9(NodeTestTask.java:139)\n\tat org.junit.platform.engine.support.hierarchical.ThrowableCollector.execute(ThrowableCollector.java:73)\n\tat org.junit.platform.engine.support.hierarchical.NodeTestTask.executeRecursively(NodeTestTask.java:138)\n\tat org.junit.platform.engine.support.hierarchical.NodeTestTask.execute(NodeTestTask.java:95)\n\tat org.junit.platform.engine.support.hierarchical.ForkJoinPoolHierarchicalTestExecutorService$ExclusiveTask.compute(ForkJoinPoolHierarchicalTestExecutorService.java:202)\n\tat java.base/java.util.concurrent.RecursiveAction.exec(RecursiveAction.java:194)\n\tat java.base/java.util.concurrent.ForkJoinTask.doExec(ForkJoinTask.java:387)\n\tat java.base/java.util.concurrent.ForkJoinPool$WorkQueue.tryRemoveAndExec(ForkJoinPool.java:1351)\n\tat java.base/java.util.concurrent.ForkJoinTask.awaitDone(ForkJoinTask.java:422)\n\tat java.base/java.util.concurrent.ForkJoinTask.join(ForkJoinTask.java:651)\n\tat org.junit.platform.engine.support.hierarchical.ForkJoinPoolHierarchicalTestExecutorService.joinConcurrentTasksInReverseOrderToEnableWorkStealing(ForkJoinPoolHierarchicalTestExecutorService.java:179)\n\tat org.junit.platform.engine.support.hierarchical.ForkJoinPoolHierarchicalTestExecutorService.invokeAll(ForkJoinPoolHierarchicalTestExecutorService.java:153)\n\tat org.junit.platform.engine.support.hierarchical.NodeTestTask.lambda$executeRecursively$6(NodeTestTask.java:155)\n\tat org.junit.platform.engine.support.hierarchical.ThrowableCollector.execute(ThrowableCollector.java:73)\n\tat org.junit.platform.engine.support.hierarchical.NodeTestTask.lambda$executeRecursively$8(NodeTestTask.java:141)\n\tat org.junit.platform.engine.support.hierarchical.Node.around(Node.java:137)\n\tat org.junit.platform.engine.support.hierarchical.NodeTestTask.lambda$executeRecursively$9(NodeTestTask.java:139)\n\tat org.junit.platform.engine.support.hierarchical.ThrowableCollector.execute(ThrowableCollector.java:73)\n\tat org.junit.platform.engine.support.hierarchical.NodeTestTask.executeRecursively(NodeTestTask.java:138)\n\tat org.junit.platform.engine.support.hierarchical.NodeTestTask.execute(NodeTestTask.java:95)\n\tat org.junit.platform.engine.support.hierarchical.ForkJoinPoolHierarchicalTestExecutorService$ExclusiveTask.compute(ForkJoinPoolHierarchicalTestExecutorService.java:202)\n\tat java.base/java.util.concurrent.RecursiveAction.exec(RecursiveAction.java:194)\n\tat java.base/java.util.concurrent.ForkJoinTask.doExec(ForkJoinTask.java:387)\n\tat java.base/java.util.concurrent.ForkJoinPool$WorkQueue.topLevelExec(ForkJoinPool.java:1312)\n\tat java.base/java.util.concurrent.ForkJoinPool.scan(ForkJoinPool.java:1843)\n\tat java.base/java.util.concurrent.ForkJoinPool.runWorker(ForkJoinPool.java:1808)\n\tat java.base/java.util.concurrent.ForkJoinWorkerThread.run(ForkJoinWorkerThread.java:188)\n","steps":[{"name":"$(\"webdriver\") create()","time":{"start":1771075580046,"stop":1771075580090,"duration":44},"status":"broken","statusMessage":"Could not start a new session. Response code 500. Message: create container: Error response from daemon: client version 1.24 is too old. Minimum supported API version is 1.44, please upgrade your client to a newer version \nHost info: host: 'runnervmjduv7', ip: '10.1.0.198'\nBuild info: version: '4.38.0', revision: '6b412e825c*'\nSystem info: os.name: 'Linux', os.arch: 'amd64', os.version: '6.14.0-1017-azure', java.version: '21.0.10'\nDriver info: org.openqa.selenium.remote.RemoteWebDriver\nCommand: [null, newSession {capabilities=[Capabilities {acceptInsecureCerts: true, browserName: chrome, goog:chromeOptions: {args: [--headless=new, --proxy-bypass-list=<-loopb..., --disable-dev-shm-usage, --disable-search-engine-cho..., --unsafely-disable-devtools..., --disable-smooth-scrolling, --disable-background-networ..., --enable-features=NetworkSe..., --disable-background-timer-..., --disable-backgrounding-occ..., --disable-breakpad, --disable-client-side-phish..., --disable-component-extensi..., --disable-default-apps, --disable-features=TranslateUI, --disable-hang-monitor, --disable-ipc-flooding-prot..., --disable-popup-blocking, --disable-prompt-on-repost, --disable-renderer-backgrou..., --disable-sync, --force-color-profile=srgb, --metrics-recording-only, --no-first-run, --password-store=basic, --use-mock-keychain, --hide-scrollbars, --mute-audio, --window-size=1920,1080], excludeSwitches: [enable-automation, load-extension], extensions: [], prefs: {autofill.credit_card_enabled: false, autofill.profile_enabled: false, credentials_enable_service: false, plugins.always_open_pdf_externally: true, profile.default_content_setting_values.automatic_downloads: 1, profile.password_manager_enabled: false, profile.password_manager_leak_detection: false, safebrowsing.enabled: true}}, pageLoadStrategy: normal, selenoid:options: {enableVNC: true, enablelog: true}, unhandledPromptBehavior: accept}]}]\nCapabilities {acceptInsecureCerts: true, browserName: chrome, goog:chromeOptions: {args: [--headless=new, --proxy-bypass-list=<-loopb..., --disable-dev-shm-usage, --disable-search-engine-cho..., --unsafely-disable-devtools..., --disable-smooth-scrolling, --disable-background-networ..., --enable-features=NetworkSe..., --disable-background-timer-..., --disable-backgrounding-occ..., --disable-breakpad, --disable-client-side-phish..., --disable-component-extensi..., --disable-default-apps, --disable-features=TranslateUI, --disable-hang-monitor, --disable-ipc-flooding-prot..., --disable-popup-blocking, --disable-prompt-on-repost, --disable-renderer-backgrou..., --disable-sync, --force-color-profile=srgb, --metrics-recording-only, --no-first-run, --password-store=basic, --use-mock-keychain, --hide-scrollbars, --mute-audio, --window-size=1920,1080], excludeSwitches: [enable-automation, load-extension], extensions: [], prefs: {autofill.credit_card_enabled: false, autofill.profile_enabled: false, credentials_enable_service: false, plugins.always_open_pdf_externally: true, profile.default_content_setting_values.automatic_downloads: 1, profile.password_manager_enabled: false, profile.password_manager_leak_detection: false, safebrowsing.enabled: true}}, pageLoadStrategy: normal, selenoid:options: {enableVNC: true, enablelog: true}, unhandledPromptBehavior: accept}","statusTrace":"org.openqa.selenium.SessionNotCreatedException: Could not start a new session. Response code 500. Message: create container: Error response from daemon: client version 1.24 is too old. Minimum supported API version is 1.44, please upgrade your client to a newer version \nHost info: host: 'runnervmjduv7', ip: '10.1.0.198'\nBuild info: version: '4.38.0', revision: '6b412e825c*'\nSystem info: os.name: 'Linux', os.arch: 'amd64', os.version: '6.14.0-1017-azure', java.version: '21.0.10'\nDriver info: org.openqa.selenium.remote.RemoteWebDriver\nCommand: [null, newSession {capabilities=[Capabilities {acceptInsecureCerts: true, browserName: chrome, goog:chromeOptions: {args: [--headless=new, --proxy-bypass-list=<-loopb..., --disable-dev-shm-usage, --disable-search-engine-cho..., --unsafely-disable-devtools..., --disable-smooth-scrolling, --disable-background-networ..., --enable-features=NetworkSe..., --disable-background-timer-..., --disable-backgrounding-occ..., --disable-breakpad, --disable-client-side-phish..., --disable-component-extensi..., --disable-default-apps, --disable-features=TranslateUI, --disable-hang-monitor, --disable-ipc-flooding-prot..., --disable-popup-blocking, --disable-prompt-on-repost, --disable-renderer-backgrou..., --disable-sync, --force-color-profile=srgb, --metrics-recording-only, --no-first-run, --password-store=basic, --use-mock-keychain, --hide-scrollbars, --mute-audio, --window-size=1920,1080], excludeSwitches: [enable-automation, load-extension], extensions: [], prefs: {autofill.credit_card_enabled: false, autofill.profile_enabled: false, credentials_enable_service: false, plugins.always_open_pdf_externally: true, profile.default_content_setting_values.automatic_downloads: 1, profile.password_manager_enabled: false, profile.password_manager_leak_detection: false, safebrowsing.enabled: true}}, pageLoadStrategy: normal, selenoid:options: {enableVNC: true, enablelog: true}, unhandledPromptBehavior: accept}]}]\nCapabilities {acceptInsecureCerts: true, browserName: chrome, goog:chromeOptions: {args: [--headless=new, --proxy-bypass-list=<-loopb..., --disable-dev-shm-usage, --disable-search-engine-cho..., --unsafely-disable-devtools..., --disable-smooth-scrolling, --disable-background-networ..., --enable-features=NetworkSe..., --disable-background-timer-..., --disable-backgrounding-occ..., --disable-breakpad, --disable-client-side-phish..., --disable-component-extensi..., --disable-default-apps, --disable-features=TranslateUI, --disable-hang-monitor, --disable-ipc-flooding-prot..., --disable-popup-blocking, --disable-prompt-on-repost, --disable-renderer-backgrou..., --disable-sync, --force-color-profile=srgb, --metrics-recording-only, --no-first-run, --password-store=basic, --use-mock-keychain, --hide-scrollbars, --mute-audio, --window-size=1920,1080], excludeSwitches: [enable-automation, load-extension], extensions: [], prefs: {autofill.credit_card_enabled: false, autofill.profile_enabled: false, credentials_enable_service: false, plugins.always_open_pdf_externally: true, profile.default_content_setting_values.automatic_downloads: 1, profile.password_manager_enabled: false, profile.password_manager_leak_detection: false, safebrowsing.enabled: true}}, pageLoadStrategy: normal, selenoid:options: {enableVNC: true, enablelog: true}, unhandledPromptBehavior: accept}\n\tat org.openqa.selenium.remote.ProtocolHandshake.createSession(ProtocolHandshake.java:114)\n\tat org.openqa.selenium.remote.ProtocolHandshake.createSession(ProtocolHandshake.java:75)\n\tat org.openqa.selenium.remote.ProtocolHandshake.createSession(ProtocolHandshake.java:61)\n\tat org.openqa.selenium.remote.HttpCommandExecutor.execute(HttpCommandExecutor.java:187)\n\tat org.openqa.selenium.remote.RemoteWebDriver.execute(RemoteWebDriver.java:557)\n\tat org.openqa.selenium.remote.RemoteWebDriver.startSession(RemoteWebDriver.java:246)\n\tat org.openqa.selenium.remote.RemoteWebDriver.<init>(RemoteWebDriver.java:174)\n\tat com.codeborne.selenide.webdriver.RemoteDriverFactory.create(RemoteDriverFactory.java:24)\n\tat com.codeborne.selenide.webdriver.WebDriverFactory.createWebDriverInstance(WebDriverFactory.java:101)\n\tat com.codeborne.selenide.webdriver.WebDriverFactory.createWebDriver(WebDriverFactory.java:58)\n\tat com.codeborne.selenide.drivercommands.CreateDriverCommand.lambda$createDriver$0(CreateDriverCommand.java:66)\n\tat com.codeborne.selenide.logevents.SelenideLogger.wrap(SelenideLogger.java:128)\n\tat com.codeborne.selenide.logevents.SelenideLogger.get(SelenideLogger.java:106)\n\tat com.codeborne.selenide.drivercommands.CreateDriverCommand.createDriver(CreateDriverCommand.java:43)\n\tat com.codeborne.selenide.WebDriverThreadLocalContainer.createDriver(WebDriverThreadLocalContainer.java:187)\n\tat com.codeborne.selenide.WebDriverThreadLocalContainer.createDriver(WebDriverThreadLocalContainer.java:183)\n\tat com.codeborne.selenide.WebDriverThreadLocalContainer.createAndRegisterDriver(WebDriverThreadLocalContainer.java:170)\n\tat com.codeborne.selenide.WebDriverThreadLocalContainer.getAndCheckWebDriver(WebDriverThreadLocalContainer.java:131)\n\tat com.codeborne.selenide.WebDriverRunner.getAndCheckWebDriver(WebDriverRunner.java:102)\n\tat com.codeborne.selenide.StaticDriver.getAndCheckWebDriver(StaticDriver.java:44)\n\tat com.codeborne.selenide.SelenideDriver.getAndCheckWebDriver(SelenideDriver.java:255)\n\tat com.codeborne.selenide.drivercommands.Navigator.lambda$navigateTo$0(Navigator.java:67)\n\tat com.codeborne.selenide.logevents.SelenideLogger.lambda$run$0(SelenideLogger.java:99)\n\tat com.codeborne.selenide.logevents.SelenideLogger.wrap(SelenideLogger.java:128)\n\tat com.codeborne.selenide.logevents.SelenideLogger.run(SelenideLogger.java:98)\n\tat com.codeborne.selenide.drivercommands.Navigator.navigateTo(Navigator.java:65)\n\tat com.codeborne.selenide.drivercommands.Navigator.open(Navigator.java:29)\n\tat com.codeborne.selenide.SelenideDriver.open(SelenideDriver.java:112)\n\tat com.codeborne.selenide.SelenideDriver.open(SelenideDriver.java:133)\n\tat com.codeborne.selenide.Selenide.open(Selenide.java:188)\n\tat ui.pages.BasePage.open(BasePage.java:27)\n\tat Iteration_1.ui.LoginUserTest.adminCanLoginWithCorrectDataTest(LoginUserTest.java:23)\n\tat java.base/jdk.internal.reflect.DirectMethodHandleAccessor.invoke(DirectMethodHandleAccessor.java:103)\n\tat java.base/java.lang.reflect.Method.invoke(Method.java:580)\n\tat org.junit.platform.commons.util.ReflectionUtils.invokeMethod(ReflectionUtils.java:728)\n\tat org.junit.jupiter.engine.execution.MethodInvocation.proceed(MethodInvocation.java:60)\n\tat org.junit.jupiter.engine.execution.InvocationInterceptorChain$ValidatingInvocation.proceed(InvocationInterceptorChain.java:131)\n\tat org.junit.jupiter.engine.extension.TimeoutExtension.intercept(TimeoutExtension.java:156)\n\tat org.junit.jupiter.engine.extension.TimeoutExtension.interceptTestableMethod(TimeoutExtension.java:147)\n\tat org.junit.jupiter.engine.extension.TimeoutExtension.interceptTestMethod(TimeoutExtension.java:86)\n\tat org.junit.jupiter.engine.execution.InterceptingExecutableInvoker$ReflectiveInterceptorCall.lambda$ofVoidMethod$0(InterceptingExecutableInvoker.java:103)\n\tat org.junit.jupiter.engine.execution.InterceptingExecutableInvoker.lambda$invoke$0(InterceptingExecutableInvoker.java:93)\n\tat org.junit.jupiter.engine.execution.InvocationInterceptorChain$InterceptedInvocation.proceed(InvocationInterceptorChain.java:106)\n\tat org.junit.jupiter.engine.execution.InvocationInterceptorChain.proceed(InvocationInterceptorChain.java:64)\n\tat org.junit.jupiter.engine.execution.InvocationInterceptorChain.chainAndInvoke(InvocationInterceptorChain.java:45)\n\tat org.junit.jupiter.engine.execution.InvocationInterceptorChain.invoke(InvocationInterceptorChain.java:37)\n\tat org.junit.jupiter.engine.execution.InterceptingExecutableInvoker.invoke(InterceptingExecutableInvoker.java:92)\n\tat org.junit.jupiter.engine.execution.InterceptingExecutableInvoker.invoke(InterceptingExecutableInvoker.java:86)\n\tat org.junit.jupiter.engine.descriptor.TestMethodTestDescriptor.lambda$invokeTestMethod$7(TestMethodTestDescriptor.java:218)\n\tat org.junit.platform.engine.support.hierarchical.ThrowableCollector.execute(ThrowableCollector.java:73)\n\tat org.junit.jupiter.engine.descriptor.TestMethodTestDescriptor.invokeTestMethod(TestMethodTestDescriptor.java:214)\n\tat org.junit.jupiter.engine.descriptor.TestMethodTestDescriptor.execute(TestMethodTestDescriptor.java:139)\n\tat org.junit.jupiter.engine.descriptor.TestMethodTestDescriptor.execute(TestMethodTestDescriptor.java:69)\n\tat org.junit.platform.engine.support.hierarchical.NodeTestTask.lambda$executeRecursively$6(NodeTestTask.java:151)\n\tat org.junit.platform.engine.support.hierarchical.ThrowableCollector.execute(ThrowableCollector.java:73)\n\tat org.junit.platform.engine.support.hierarchical.NodeTestTask.lambda$executeRecursively$8(NodeTestTask.java:141)\n\tat org.junit.platform.engine.support.hierarchical.Node.around(Node.java:137)\n\tat org.junit.platform.engine.support.hierarchical.NodeTestTask.lambda$executeRecursively$9(NodeTestTask.java:139)\n\tat org.junit.platform.engine.support.hierarchical.ThrowableCollector.execute(ThrowableCollector.java:73)\n\tat org.junit.platform.engine.support.hierarchical.NodeTestTask.executeRecursively(NodeTestTask.java:138)\n\tat org.junit.platform.engine.support.hierarchical.NodeTestTask.execute(NodeTestTask.java:95)\n\tat org.junit.platform.engine.support.hierarchical.ForkJoinPoolHierarchicalTestExecutorService$ExclusiveTask.compute(ForkJoinPoolHierarchicalTestExecutorService.java:202)\n\tat java.base/java.util.concurrent.RecursiveAction.exec(RecursiveAction.java:194)\n\tat java.base/java.util.concurrent.ForkJoinTask.doExec(ForkJoinTask.java:387)\n\tat java.base/java.util.concurrent.ForkJoinPool$WorkQueue.tryRemoveAndExec(ForkJoinPool.java:1351)\n\tat java.base/java.util.concurrent.ForkJoinTask.awaitDone(ForkJoinTask.java:422)\n\tat java.base/java.util.concurrent.ForkJoinTask.join(ForkJoinTask.java:651)\n\tat org.junit.platform.engine.support.hierarchical.ForkJoinPoolHierarchicalTestExecutorService.joinConcurrentTasksInReverseOrderToEnableWorkStealing(ForkJoinPoolHierarchicalTestExecutorService.java:179)\n\tat org.junit.platform.engine.support.hierarchical.ForkJoinPoolHierarchicalTestExecutorService.invokeAll(ForkJoinPoolHierarchicalTestExecutorService.java:153)\n\tat org.junit.platform.engine.support.hierarchical.NodeTestTask.lambda$executeRecursively$6(NodeTestTask.java:155)\n\tat org.junit.platform.engine.support.hierarchical.ThrowableCollector.execute(ThrowableCollector.java:73)\n\tat org.junit.platform.engine.support.hierarchical.NodeTestTask.lambda$executeRecursively$8(NodeTestTask.java:141)\n\tat org.junit.platform.engine.support.hierarchical.Node.around(Node.java:137)\n\tat org.junit.platform.engine.support.hierarchical.NodeTestTask.lambda$executeRecursively$9(NodeTestTask.java:139)\n\tat org.junit.platform.engine.support.hierarchical.ThrowableCollector.execute(ThrowableCollector.java:73)\n\tat org.junit.platform.engine.support.hierarchical.NodeTestTask.executeRecursively(NodeTestTask.java:138)\n\tat org.junit.platform.engine.support.hierarchical.NodeTestTask.execute(NodeTestTask.java:95)\n\tat org.junit.platform.engine.support.hierarchical.ForkJoinPoolHierarchicalTestExecutorService$ExclusiveTask.compute(ForkJoinPoolHierarchicalTestExecutorService.java:202)\n\tat java.base/java.util.concurrent.RecursiveAction.exec(RecursiveAction.java:194)\n\tat java.base/java.util.concurrent.ForkJoinTask.doExec(ForkJoinTask.java:387)\n\tat java.base/java.util.concurrent.ForkJoinPool$WorkQueue.topLevelExec(ForkJoinPool.java:1312)\n\tat java.base/java.util.concurrent.ForkJoinPool.scan(ForkJoinPool.java:1843)\n\tat java.base/java.util.concurrent.ForkJoinPool.runWorker(ForkJoinPool.java:1808)\n\tat java.base/java.util.concurrent.ForkJoinWorkerThread.run(ForkJoinWorkerThread.java:188)\n","steps":[],"attachments":[],"parameters":[],"stepsCount":0,"shouldDisplayMessage":true,"attachmentsCount":0,"hasContent":true,"attachmentStep":false}],"attachments":[],"parameters":[],"stepsCount":1,"shouldDisplayMessage":true,"attachmentsCount":0,"hasContent":true,"attachmentStep":false}],"attachments":[],"parameters":[],"stepsCount":2,"shouldDisplayMessage":false,"attachmentsCount":0,"hasContent":true,"attachmentStep":false},"afterStages":[],"labels":[{"name":"junit.platform.uniqueid","value":"[engine:junit-jupiter]/[class:Iteration_1.ui.LoginUserTest]/[method:adminCanLoginWithCorrectDataTest()]"},{"name":"host","value":"runnervmjduv7"},{"name":"thread","value":"4013@runnervmjduv7.ForkJoinPool-1-worker-3(28)"},{"name":"framework","value":"junit-platform"},{"name":"language","value":"java"},{"name":"package","value":"Iteration_1.ui.LoginUserTest"},{"name":"testClass","value":"Iteration_1.ui.LoginUserTest"},{"name":"testMethod","value":"adminCanLoginWithCorrectDataTest"},{"name":"suite","value":"Iteration_1.ui.LoginUserTest"},{"name":"resultFormat","value":"allure2"}],"parameters":[],"links":[],"hidden":false,"retry":false,"extra":{"severity":"normal","retries":[],"categories":[{"name":"Test defects","matchedStatuses":[],"flaky":false}],"tags":[]},"source":"8c48329014ca484b.json","parameterValues":[]}